[ 2017-10-05 16:10:19,479][train_cascade.<module>] tools.train_cascade
[ 2017-10-05 16:10:19,480][train_cascade.<module>] 
{
    "cascade":{
        "data_save_dir":"/home/guest_majian/python/subcellular_location_gcforest/gcforest/mnist/fg-tree300-depth0-3folds/cascade/data",
        "early_stopping_rounds":8,
        "estimators":[
            {
                "max_depth":null,
                "max_features":1,
                "n_estimators":500,
                "n_folds":5,
                "n_jobs":-1,
                "type":"ExtraTreesClassifier"
            },
            {
                "max_depth":null,
                "max_features":1,
                "n_estimators":500,
                "n_folds":5,
                "n_jobs":-1,
                "type":"ExtraTreesClassifier"
            },
            {
                "max_depth":null,
                "max_features":1,
                "n_estimators":500,
                "n_folds":5,
                "n_jobs":-1,
                "type":"ExtraTreesClassifier"
            },
            {
                "max_depth":null,
                "max_features":1,
                "n_estimators":500,
                "n_folds":5,
                "n_jobs":-1,
                "type":"ExtraTreesClassifier"
            },
            {
                "max_depth":null,
                "n_estimators":500,
                "n_folds":5,
                "n_jobs":-1,
                "type":"RandomForestClassifier"
            },
            {
                "max_depth":null,
                "n_estimators":500,
                "n_folds":5,
                "n_jobs":-1,
                "type":"RandomForestClassifier"
            },
            {
                "max_depth":null,
                "n_estimators":500,
                "n_folds":5,
                "n_jobs":-1,
                "type":"RandomForestClassifier"
            },
            {
                "max_depth":null,
                "n_estimators":500,
                "n_folds":5,
                "n_jobs":-1,
                "type":"RandomForestClassifier"
            }
        ],
        "look_indexs_cycle":[
            [
                0,
                1
            ],
            [
                2,
                3
            ],
            [
                4,
                5
            ]
        ],
        "max_layers":100,
        "n_classes":10,
        "random_state":0
    },
    "dataset":{
        "test":{
            "X_keys":[
                "pool1/2x2/ets",
                "pool1/2x2/rf",
                "pool1/4x4/ets",
                "pool1/4x4/rf",
                "pool1/6x6/ets",
                "pool1/6x6/rf"
            ],
            "data_path":"/home/guest_majian/python/subcellular_location_gcforest/gcforest/mnist/fg-tree500-depth100-3folds/datas/test/outputs.pkl",
            "type":"ds_pickle2"
        },
        "train":{
            "X_keys":[
                "pool1/2x2/ets",
                "pool1/2x2/rf",
                "pool1/4x4/ets",
                "pool1/4x4/rf",
                "pool1/6x6/ets",
                "pool1/6x6/rf"
            ],
            "data_path":"/home/guest_majian/python/subcellular_location_gcforest/gcforest/mnist/fg-tree500-depth100-3folds/datas/train/outputs.pkl",
            "type":"ds_pickle2"
        }
    }
}
[ 2017-10-05 16:10:19,486][cascade_classifier.fit_transform] X_groups_train.shape=[(11231, 10, 2, 2), (11231, 10, 2, 2), (11231, 10, 2, 2), (11231, 10, 2, 2), (11231, 10, 1, 1), (11231, 10, 1, 1)],y_train.shape=(11231,),X__groups_test.shape=[(2773, 10, 2, 2), (2773, 10, 2, 2), (2773, 10, 2, 2), (2773, 10, 2, 2), (2773, 10, 1, 1), (2773, 10, 1, 1)],y_test.shape=(2773,)
[ 2017-10-05 16:10:19,498][cascade_classifier.fit_transform] group_dims=[40, 40, 40, 40, 10, 10]
[ 2017-10-05 16:10:19,500][cascade_classifier.fit_transform] X_train.shape=(11231, 180),X_test.shape=(2773, 180)
[ 2017-10-05 16:10:19,506][cascade_classifier.fit_transform] [layer=0] look_indexs=[0, 1], X_cur_train.shape=(11231, 80), X_cur_test.shape=(2773, 80)
[ 2017-10-05 16:10:21,880][kfold_wrapper.log_eval_metrics] Accuracy(layer_0 - estimator_0 - 5_folds.train_0.predict)=52.07%
[ 2017-10-05 16:10:24,670][kfold_wrapper.log_eval_metrics] Accuracy(layer_0 - estimator_0 - 5_folds.train_1.predict)=52.54%
