[ 2017-10-05 10:02:21,205][train_cascade.<module>] tools.train_cascade
[ 2017-10-05 10:02:21,205][train_cascade.<module>] 
{
    "cascade":{
        "data_save_dir":"/home/guest_majian/python/gcForest_official/gcforest/mnist/fg-tree300-depth0-3folds/cascade/data",
        "early_stopping_rounds":8,
        "estimators":[
            {
                "max_depth":null,
                "max_features":1,
                "n_estimators":500,
                "n_folds":5,
                "n_jobs":-1,
                "type":"ExtraTreesClassifier"
            },
            {
                "max_depth":null,
                "max_features":1,
                "n_estimators":500,
                "n_folds":5,
                "n_jobs":-1,
                "type":"ExtraTreesClassifier"
            },
            {
                "max_depth":null,
                "max_features":1,
                "n_estimators":500,
                "n_folds":5,
                "n_jobs":-1,
                "type":"ExtraTreesClassifier"
            },
            {
                "max_depth":null,
                "max_features":1,
                "n_estimators":500,
                "n_folds":5,
                "n_jobs":-1,
                "type":"ExtraTreesClassifier"
            },
            {
                "max_depth":null,
                "n_estimators":500,
                "n_folds":5,
                "n_jobs":-1,
                "type":"RandomForestClassifier"
            },
            {
                "max_depth":null,
                "n_estimators":500,
                "n_folds":5,
                "n_jobs":-1,
                "type":"RandomForestClassifier"
            },
            {
                "max_depth":null,
                "n_estimators":500,
                "n_folds":5,
                "n_jobs":-1,
                "type":"RandomForestClassifier"
            },
            {
                "max_depth":null,
                "n_estimators":500,
                "n_folds":5,
                "n_jobs":-1,
                "type":"RandomForestClassifier"
            }
        ],
        "look_indexs_cycle":[
            [
                0,
                1
            ],
            [
                2,
                3
            ],
            [
                4,
                5
            ]
        ],
        "max_layers":100,
        "n_classes":10,
        "random_state":0
    },
    "dataset":{
        "test":{
            "X_keys":[
                "pool1/7x7/ets",
                "pool1/7x7/rf",
                "pool1/10x10/ets",
                "pool1/10x10/rf",
                "pool1/13x13/ets",
                "pool1/13x13/rf"
            ],
            "data_path":"/home/guest_majian/python/gcForest_official/gcforest/mnist/fg-tree500-depth100-3folds/datas/test/outputs.pkl ",
            "type":"ds_pickle2"
        },
        "train":{
            "X_keys":[
                "pool1/7x7/ets",
                "pool1/7x7/rf",
                "pool1/10x10/ets",
                "pool1/10x10/rf",
                "pool1/13x13/ets",
                "pool1/13x13/rf"
            ],
            "data_path":"/home/guest_majian/python/gcForest_official/gcforest/mnist/fg-tree500-depth100-3folds/datas/train/outputs.pkl ",
            "type":"ds_pickle2"
        }
    }
}
