[ 2017-10-03 17:02:22,333][train_cascade.<module>] tools.train_cascade
[ 2017-10-03 17:02:22,334][train_cascade.<module>] 
{
    "cascade":{
        "early_stopping_rounds":4,
        "estimators":[
            {
                "max_depth":null,
                "max_features":1,
                "n_estimators":500,
                "n_folds":3,
                "n_jobs":-1,
                "type":"ExtraTreesClassifier"
            },
            {
                "max_depth":null,
                "max_features":1,
                "n_estimators":500,
                "n_folds":3,
                "n_jobs":-1,
                "type":"ExtraTreesClassifier"
            },
            {
                "max_depth":null,
                "max_features":1,
                "n_estimators":500,
                "n_folds":3,
                "n_jobs":-1,
                "type":"ExtraTreesClassifier"
            },
            {
                "max_depth":null,
                "max_features":1,
                "n_estimators":500,
                "n_folds":3,
                "n_jobs":-1,
                "type":"ExtraTreesClassifier"
            },
            {
                "max_depth":null,
                "n_estimators":500,
                "n_folds":3,
                "n_jobs":-1,
                "type":"RandomForestClassifier"
            },
            {
                "max_depth":null,
                "n_estimators":500,
                "n_folds":3,
                "n_jobs":-1,
                "type":"RandomForestClassifier"
            },
            {
                "max_depth":null,
                "n_estimators":500,
                "n_folds":3,
                "n_jobs":-1,
                "type":"RandomForestClassifier"
            },
            {
                "max_depth":null,
                "n_estimators":500,
                "n_folds":3,
                "n_jobs":-1,
                "type":"RandomForestClassifier"
            }
        ],
        "n_classes":2,
        "random_state":0
    },
    "dataset":{
        "test":{
            "data_set":"test",
            "feature":"tfidf",
            "layout_x":"vector",
            "type":"imdb"
        },
        "train":{
            "data_set":"train",
            "feature":"tfidf",
            "layout_x":"vector",
            "type":"imdb"
        }
    }
}
