[ 2017-10-04 13:01:51,353][train_fg.<module>] tools.train_fg
[ 2017-10-04 13:01:51,354][train_fg.<module>] 
{
    "dataset":{
        "test":{
            "data_set":"test",
            "layout_x":"tensor",
            "type":"mnist"
        },
        "train":{
            "data_set":"train",
            "layout_x":"tensor",
            "type":"mnist"
        }
    },
    "net":{
        "layers":[
            {
                "bottoms":[
                    "X",
                    "y"
                ],
                "estimators":[
                    {
                        "max_depth":100,
                        "min_samples_leaf":10,
                        "n_estimators":500,
                        "n_folds":3,
                        "n_jobs":-1,
                        "type":"ExtraTreesClassifier"
                    },
                    {
                        "max_depth":100,
                        "min_samples_leaf":10,
                        "n_estimators":500,
                        "n_folds":3,
                        "n_jobs":-1,
                        "type":"RandomForestClassifier"
                    }
                ],
                "n_classes":10,
                "name":"win1/7x7",
                "stride_x":2,
                "stride_y":2,
                "tops":[
                    "win1/7x7/ets",
                    "win1/7x7/rf"
                ],
                "type":"FGWinLayer",
                "win_x":7,
                "win_y":7
            },
            {
                "bottoms":[
                    "X",
                    "y"
                ],
                "estimators":[
                    {
                        "max_depth":100,
                        "min_samples_leaf":10,
                        "n_estimators":500,
                        "n_folds":3,
                        "n_jobs":-1,
                        "type":"ExtraTreesClassifier"
                    },
                    {
                        "max_depth":100,
                        "min_samples_leaf":10,
                        "n_estimators":500,
                        "n_folds":3,
                        "n_jobs":-1,
                        "type":"RandomForestClassifier"
                    }
                ],
                "n_classes":10,
                "name":"win1/10x10",
                "stride_x":2,
                "stride_y":2,
                "tops":[
                    "win1/10x10/ets",
                    "win1/10x10/rf"
                ],
                "type":"FGWinLayer",
                "win_x":10,
                "win_y":10
            },
            {
                "bottoms":[
                    "X",
                    "y"
                ],
                "estimators":[
                    {
                        "max_depth":100,
                        "min_samples_leaf":10,
                        "n_estimators":500,
                        "n_folds":3,
                        "n_jobs":-1,
                        "type":"ExtraTreesClassifier"
                    },
                    {
                        "max_depth":100,
                        "min_samples_leaf":10,
                        "n_estimators":500,
                        "n_folds":3,
                        "n_jobs":-1,
                        "type":"RandomForestClassifier"
                    }
                ],
                "n_classes":10,
                "name":"win1/13x13",
                "stride_x":2,
                "stride_y":2,
                "tops":[
                    "win1/13x13/ets",
                    "win1/13x13/rf"
                ],
                "type":"FGWinLayer",
                "win_x":13,
                "win_y":13
            },
            {
                "bottoms":[
                    "win1/7x7/ets",
                    "win1/7x7/rf",
                    "win1/10x10/ets",
                    "win1/10x10/rf",
                    "win1/13x13/ets",
                    "win1/13x13/rf"
                ],
                "name":"pool1",
                "pool_method":"avg",
                "tops":[
                    "pool1/7x7/ets",
                    "pool1/7x7/rf",
                    "pool1/10x10/ets",
                    "pool1/10x10/rf",
                    "pool1/13x13/ets",
                    "pool1/13x13/rf"
                ],
                "type":"FGPoolLayer",
                "win_x":2,
                "win_y":2
            }
        ],
        "outputs":[
            "pool1/7x7/ets",
            "pool1/7x7/rf",
            "pool1/10x10/ets",
            "pool1/10x10/rf",
            "pool1/13x13/ets",
            "pool1/13x13/rf"
        ]
    },
    "train":{
        "data_cache":{
            "cache_dir":"/mnt/raid/fengji/gcforest/mnist/fg-tree500-depth100-3folds/datas",
            "cache_in_disk":{
                "default":1
            },
            "keep_in_mem":{
                "default":0
            }
        },
        "keep_model_in_mem":0,
        "random_state":0
    }
}
[ 2017-10-04 13:01:52,296][fgnet.fit_transform] X_train.shape=(11231, 1, 8, 8), y_train.shape=(11231,), X_test.shape=(2773, 1, 8, 8), y_test.shape=(2773,)
[ 2017-10-04 13:01:52,297][fg_win_layer.fit_transform] [data][win1/7x7], bottoms=[u'X', u'y'], tops=[u'win1/7x7/ets', u'win1/7x7/rf']
[ 2017-10-04 13:01:52,297][fg_win_layer.fit_transform] [progress][win1/7x7] ti=0/2, top_name=win1/7x7/ets
[ 2017-10-04 13:01:52,297][fg_win_layer.fit_transform] [data][win1/7x7,train] bottoms.shape=11231x1x8x8,11231
[ 2017-10-04 13:01:52,298][win_utils.get_windows] get_windows_start: X.shape=(11231, 1, 8, 8), X_win.shape=(49, 11231), nw=1, nh=1, c=1, win_x=7, win_y=7, stride_x=2, stride_y=2
[ 2017-10-04 13:01:52,438][win_utils.get_windows] get_windows_end
[ 2017-10-04 13:01:52,439][fg_win_layer.fit_transform] [data][win1/7x7,test] bottoms.shape=2773x1x8x8,2773
[ 2017-10-04 13:01:52,439][win_utils.get_windows] get_windows_start: X.shape=(2773, 1, 8, 8), X_win.shape=(49, 2773), nw=1, nh=1, c=1, win_x=7, win_y=7, stride_x=2, stride_y=2
[ 2017-10-04 13:01:52,574][win_utils.get_windows] get_windows_end
[ 2017-10-04 13:01:52,590][base_estimator.fit] X_train.shape=(7483, 49), y_train.shape=(7483,)
[ 2017-10-04 13:01:54,435][base_estimator.predict_proba] X.shape=(3748, 49)
[ 2017-10-04 13:01:54,767][base_estimator.predict_proba] y_proba.shape=(3748, 10)
[ 2017-10-04 13:01:54,767][kfold_wrapper.log_eval_metrics] Accuracy(win1/7x7/ets/3_folds.train_0.predict)=56.19%
[ 2017-10-04 13:01:54,781][kfold_wrapper.log_eval_metrics] Accuracy(win1/7x7/ets/3_folds.train_0.vote)=56.19%
[ 2017-10-04 13:01:54,781][kfold_wrapper.log_eval_metrics] Accuracy(win1/7x7/ets/3_folds.train_0.avg)=56.19%
[ 2017-10-04 13:01:54,782][base_estimator.predict_proba] X.shape=(2773, 49)
[ 2017-10-04 13:01:55,107][base_estimator.predict_proba] y_proba.shape=(2773, 10)
[ 2017-10-04 13:01:55,112][base_estimator.fit] X_train.shape=(7486, 49), y_train.shape=(7486,)
[ 2017-10-04 13:01:56,954][base_estimator.predict_proba] X.shape=(3745, 49)
[ 2017-10-04 13:01:57,286][base_estimator.predict_proba] y_proba.shape=(3745, 10)
[ 2017-10-04 13:01:57,286][kfold_wrapper.log_eval_metrics] Accuracy(win1/7x7/ets/3_folds.train_1.predict)=56.18%
[ 2017-10-04 13:01:57,300][kfold_wrapper.log_eval_metrics] Accuracy(win1/7x7/ets/3_folds.train_1.vote)=56.18%
[ 2017-10-04 13:01:57,301][kfold_wrapper.log_eval_metrics] Accuracy(win1/7x7/ets/3_folds.train_1.avg)=56.18%
[ 2017-10-04 13:01:57,301][base_estimator.predict_proba] X.shape=(2773, 49)
[ 2017-10-04 13:01:57,635][base_estimator.predict_proba] y_proba.shape=(2773, 10)
[ 2017-10-04 13:01:57,641][base_estimator.fit] X_train.shape=(7493, 49), y_train.shape=(7493,)
[ 2017-10-04 13:01:59,465][base_estimator.predict_proba] X.shape=(3738, 49)
[ 2017-10-04 13:01:59,817][base_estimator.predict_proba] y_proba.shape=(3738, 10)
[ 2017-10-04 13:01:59,817][kfold_wrapper.log_eval_metrics] Accuracy(win1/7x7/ets/3_folds.train_2.predict)=56.69%
[ 2017-10-04 13:01:59,831][kfold_wrapper.log_eval_metrics] Accuracy(win1/7x7/ets/3_folds.train_2.vote)=56.69%
[ 2017-10-04 13:01:59,831][kfold_wrapper.log_eval_metrics] Accuracy(win1/7x7/ets/3_folds.train_2.avg)=56.69%
[ 2017-10-04 13:01:59,832][base_estimator.predict_proba] X.shape=(2773, 49)
[ 2017-10-04 13:02:00,043][base_estimator.predict_proba] y_proba.shape=(2773, 10)
[ 2017-10-04 13:02:00,044][kfold_wrapper.log_eval_metrics] Accuracy(win1/7x7/ets/3_folds.train.predict)=56.35%
[ 2017-10-04 13:02:00,084][kfold_wrapper.log_eval_metrics] Accuracy(win1/7x7/ets/3_folds.train.vote)=56.35%
[ 2017-10-04 13:02:00,085][kfold_wrapper.log_eval_metrics] Accuracy(win1/7x7/ets/3_folds.train.avg)=56.35%
[ 2017-10-04 13:02:00,085][kfold_wrapper.log_eval_metrics] Accuracy(win1/7x7/ets/3_folds.test.predict)=49.69%
[ 2017-10-04 13:02:00,095][kfold_wrapper.log_eval_metrics] Accuracy(win1/7x7/ets/3_folds.test.vote)=49.69%
[ 2017-10-04 13:02:00,095][kfold_wrapper.log_eval_metrics] Accuracy(win1/7x7/ets/3_folds.test.avg)=49.69%
[ 2017-10-04 13:02:00,099][fg_win_layer.fit_transform] [data][win1/7x7,train] tops[0].shape=(11231, 10, 1, 1)
[ 2017-10-04 13:02:00,099][data_cache.update] Updating data (train->win1/7x7/ets, shape=(11231, 10, 1, 1)) in disk: /mnt/raid/fengji/gcforest/mnist/fg-tree500-depth100-3folds/datas/train/win1-7x7-ets.npy
