[ 2017-10-04 10:27:13,173][train_fg.<module>] tools.train_fg
[ 2017-10-04 10:27:13,174][train_fg.<module>] 
{
    "dataset":{
        "test":{
            "data_set":"test",
            "layout_x":"tensor",
            "type":"mnist"
        },
        "train":{
            "data_set":"train",
            "layout_x":"tensor",
            "type":"mnist"
        }
    },
    "net":{
        "layers":[
            {
                "bottoms":[
                    "X",
                    "y"
                ],
                "estimators":[
                    {
                        "max_depth":100,
                        "min_samples_leaf":10,
                        "n_estimators":500,
                        "n_folds":3,
                        "n_jobs":-1,
                        "type":"ExtraTreesClassifier"
                    },
                    {
                        "max_depth":100,
                        "min_samples_leaf":10,
                        "n_estimators":500,
                        "n_folds":3,
                        "n_jobs":-1,
                        "type":"RandomForestClassifier"
                    }
                ],
                "n_classes":10,
                "name":"win1/7x7",
                "stride_x":2,
                "stride_y":2,
                "tops":[
                    "win1/7x7/ets",
                    "win1/7x7/rf"
                ],
                "type":"FGWinLayer",
                "win_x":7,
                "win_y":7
            },
            {
                "bottoms":[
                    "X",
                    "y"
                ],
                "estimators":[
                    {
                        "max_depth":100,
                        "min_samples_leaf":10,
                        "n_estimators":500,
                        "n_folds":3,
                        "n_jobs":-1,
                        "type":"ExtraTreesClassifier"
                    },
                    {
                        "max_depth":100,
                        "min_samples_leaf":10,
                        "n_estimators":500,
                        "n_folds":3,
                        "n_jobs":-1,
                        "type":"RandomForestClassifier"
                    }
                ],
                "n_classes":10,
                "name":"win1/10x10",
                "stride_x":2,
                "stride_y":2,
                "tops":[
                    "win1/10x10/ets",
                    "win1/10x10/rf"
                ],
                "type":"FGWinLayer",
                "win_x":10,
                "win_y":10
            },
            {
                "bottoms":[
                    "X",
                    "y"
                ],
                "estimators":[
                    {
                        "max_depth":100,
                        "min_samples_leaf":10,
                        "n_estimators":500,
                        "n_folds":3,
                        "n_jobs":-1,
                        "type":"ExtraTreesClassifier"
                    },
                    {
                        "max_depth":100,
                        "min_samples_leaf":10,
                        "n_estimators":500,
                        "n_folds":3,
                        "n_jobs":-1,
                        "type":"RandomForestClassifier"
                    }
                ],
                "n_classes":10,
                "name":"win1/13x13",
                "stride_x":2,
                "stride_y":2,
                "tops":[
                    "win1/13x13/ets",
                    "win1/13x13/rf"
                ],
                "type":"FGWinLayer",
                "win_x":13,
                "win_y":13
            },
            {
                "bottoms":[
                    "win1/7x7/ets",
                    "win1/7x7/rf",
                    "win1/10x10/ets",
                    "win1/10x10/rf",
                    "win1/13x13/ets",
                    "win1/13x13/rf"
                ],
                "name":"pool1",
                "pool_method":"avg",
                "tops":[
                    "pool1/7x7/ets",
                    "pool1/7x7/rf",
                    "pool1/10x10/ets",
                    "pool1/10x10/rf",
                    "pool1/13x13/ets",
                    "pool1/13x13/rf"
                ],
                "type":"FGPoolLayer",
                "win_x":2,
                "win_y":2
            }
        ],
        "outputs":[
            "pool1/7x7/ets",
            "pool1/7x7/rf",
            "pool1/10x10/ets",
            "pool1/10x10/rf",
            "pool1/13x13/ets",
            "pool1/13x13/rf"
        ]
    },
    "train":{
        "data_cache":{
            "cache_dir":"/mnt/raid/fengji/gcforest/mnist/fg-tree500-depth100-3folds/datas",
            "cache_in_disk":{
                "default":1
            },
            "keep_in_mem":{
                "default":0
            }
        },
        "keep_model_in_mem":0,
        "random_state":0
    }
}
